[2025-07-28 14:31:24] Active Programs: Spotify, Electron, Google Chrome, Terminal
[2025-07-28 14:31:36] Active Programs: Spotify, Electron, Google Chrome, Terminal, Safari
[2025-07-28 14:31:41] Active Programs: Spotify, Electron, Google Chrome, Terminal, Safari
[2025-07-28 14:31:47] Active Programs: Spotify, Electron, Google Chrome, Terminal, Safari
[2025-07-28 14:31:53] Active Programs: Spotify, Electron, Google Chrome, Terminal, Safari
[2025-07-28 14:31:58] Active Programs: Spotify, Electron, Google Chrome, Terminal, Safari
[2025-07-28 14:32:04] Active Programs: Spotify, Electron, Google Chrome, Terminal, Safari
[2025-07-28 14:32:10] Active Programs: Spotify, Electron, Google Chrome, Terminal, Safari
[2025-07-28 14:32:15] Active Programs: Spotify, Electron, Google Chrome, Terminal, Safari
[2025-07-28 14:32:21] Active Programs: Spotify, Electron, Google Chrome, Terminal, Safari
[2025-07-28 14:32:27] Active Programs: Spotify, Electron, Google Chrome, Terminal, Safari
[2025-07-28 14:32:32] Active Programs: Spotify, Electron, Google Chrome, Terminal, Safari
[2025-07-28 14:32:38] Active Programs: Spotify, Electron, Google Chrome, Terminal, Safari, Python
[2025-07-28 14:32:44] Active Programs: Spotify, Electron, Google Chrome, Terminal, Safari, Python
[2025-07-28 14:32:50] Active Programs: Spotify, Electron, Google Chrome, Terminal, Safari, Python
[2025-07-28 14:32:55] Active Programs: Spotify, Electron, Google Chrome, Terminal, Safari
[2025-07-28 14:33:01] Active Programs: Spotify, Electron, Google Chrome, Terminal, Safari
[2025-07-28 14:33:07] Active Programs: Spotify, Electron, Google Chrome, Terminal, Safari
[2025-07-28 14:33:13] Active Programs: Spotify, Electron, Google Chrome, Terminal, Safari
[2025-07-28 14:33:17] Active Programs: Spotify, Electron, Google Chrome, Terminal, Safari
[2025-07-28 14:33:18] Active Programs: Spotify, Electron, Google Chrome, Terminal, Safari
[2025-07-28 14:33:26] Active Programs: Spotify, Electron, Google Chrome, Terminal, Safari
[2025-07-28 14:33:26] Active Programs: Spotify, Electron, Google Chrome, Terminal, Safari
[2025-07-28 14:33:32] Active Programs: Spotify, Electron, Terminal, Safari
[2025-07-28 14:33:32] Active Programs: Spotify, Electron, Terminal, Safari, Google Chrome
[2025-07-28 14:33:38] Active Programs: Spotify, Electron, Terminal, Safari
[2025-07-28 14:33:38] Active Programs: Spotify, Electron, Terminal, Safari, Google Chrome
[2025-07-28 14:33:44] Active Programs: Spotify, Electron, Terminal, Safari
[2025-07-28 14:33:44] Active Programs: Spotify, Electron, Terminal, Safari
[2025-07-28 14:33:50] Active Programs: Spotify, Electron, Terminal, Safari
[2025-07-28 14:33:50] Active Programs: Spotify, Electron, Terminal, Safari, Google Chrome
[2025-07-28 14:33:55] Active Programs: Spotify, Electron, Terminal, Safari
[2025-07-28 14:33:56] Active Programs: Spotify, Electron, Terminal, Safari
[2025-07-28 14:34:01] Active Programs: Spotify, Electron, Terminal, Safari
[2025-07-28 14:34:01] Active Programs: Spotify, Electron, Terminal, Safari
[2025-07-28 14:34:07] Active Programs: Spotify, Electron, Terminal, Safari, osascript
[2025-07-28 14:34:07] Active Programs: Spotify, Electron, Terminal, Safari
[2025-07-28 14:34:13] Active Programs: Spotify, Electron, Terminal, Safari
[2025-07-28 14:34:13] Active Programs: Spotify, Electron, Terminal, Safari
[2025-07-28 14:34:19] Active Programs: Spotify, Electron, Terminal, Safari
[2025-07-28 14:34:19] Active Programs: Spotify, Electron, Terminal, Safari
[2025-07-28 14:34:25] Active Programs: Spotify, Electron, Terminal, Safari
[2025-07-28 14:34:25] Active Programs: Spotify, Electron, Terminal, Safari
[2025-07-28 14:34:31] Active Programs: Spotify, Electron, Terminal, Safari
[2025-07-28 14:34:31] Active Programs: Spotify, Electron, Terminal, Safari
[2025-07-28 14:34:37] Active Programs: Spotify, Electron, Terminal, Safari
[2025-07-28 14:34:37] Active Programs: Spotify, Electron, Terminal, Safari
[2025-07-28 14:34:43] Active Programs: Spotify, Electron, Terminal, Safari
[2025-07-28 14:34:43] Active Programs: Spotify, Electron, Terminal, Safari, Google Chrome
[2025-07-28 14:34:49] Active Programs: Spotify, Electron, Terminal, Safari
[2025-07-28 14:34:49] Active Programs: Spotify, Electron, Terminal, Safari
[2025-07-28 14:34:55] Active Programs: Spotify, Electron, Terminal, Safari
[2025-07-28 14:34:55] Active Programs: Spotify, Electron, Terminal, Safari
[2025-07-28 14:35:00] Active Programs: Spotify, Electron, Terminal, Safari
[2025-07-28 14:35:00] Active Programs: Spotify, Electron, Terminal, Safari
[2025-07-28 14:35:06] Active Programs: Spotify, Electron, Terminal, Safari
[2025-07-28 14:35:06] Active Programs: Spotify, Electron, Terminal, Safari
[2025-07-28 14:35:12] Active Programs: Spotify, Electron, Terminal, Safari
[2025-07-28 14:35:12] Active Programs: Spotify, Electron, Terminal, Safari
[2025-07-28 14:35:18] Active Programs: Spotify, Electron, Terminal, Safari
[2025-07-28 14:35:18] Active Programs: Spotify, Electron, Terminal, Safari
[2025-07-28 14:35:24] Active Programs: Spotify, Electron, Terminal, Safari
[2025-07-28 14:35:24] Active Programs: Spotify, Electron, Terminal, Safari
[2025-07-28 14:35:31] Active Programs: Spotify, Electron, Terminal, Safari
[2025-07-28 14:35:31] Active Programs: Spotify, Electron, Terminal, Safari
[2025-07-28 14:35:37] Active Programs: Spotify, Electron, Terminal, Safari
[2025-07-28 14:35:37] Active Programs: Spotify, Electron, Terminal, Safari
[2025-07-28 14:35:42] Active Programs: Spotify, Electron, Terminal
[2025-07-28 14:35:43] Active Programs: Spotify, Electron, Terminal
[2025-07-28 14:35:49] Active Programs: Spotify, Electron, Safari, Terminal
[2025-07-28 14:35:55] Active Programs: Spotify, Electron, Safari, Terminal, Google Chrome
[2025-07-28 14:36:01] Active Programs: Spotify, Electron, Safari, Terminal, Google Chrome
[2025-07-28 14:36:06] Active Programs: Spotify, Electron, Safari, Terminal, Google Chrome
[2025-07-28 14:36:12] Active Programs: Spotify, Electron, Safari, Terminal, Google Chrome
[2025-07-28 14:36:18] Active Programs: Spotify, Electron, Safari, Terminal, Google Chrome
[2025-07-28 14:36:23] Active Programs: Spotify, Electron, Safari, Terminal, Google Chrome
[2025-07-28 14:36:29] Active Programs: Spotify, Electron, Safari, Terminal, Google Chrome
[2025-07-28 14:36:35] Active Programs: Spotify, Electron, Safari, Terminal
[2025-07-28 14:36:41] Active Programs: Spotify, Electron, Safari, Terminal, Google Chrome
[2025-07-28 14:36:47] Active Programs: Spotify, Electron, Safari, Terminal, Google Chrome
[2025-07-28 14:36:52] Active Programs: Spotify, Electron, Safari, Terminal, Google Chrome
[2025-07-28 14:36:58] Active Programs: Spotify, Electron, Safari, Terminal, Google Chrome
[2025-07-28 14:37:03] Active Programs: Spotify, Electron, Safari, Terminal, Google Chrome
[2025-07-28 14:37:09] Active Programs: Spotify, Electron, Safari, Terminal, Google Chrome
[2025-07-28 14:37:15] Active Programs: Spotify, Electron, Safari, Terminal, Google Chrome
[2025-07-28 14:37:21] Active Programs: Spotify, Electron, Safari, Terminal, Google Chrome
[2025-07-28 14:37:26] Active Programs: Spotify, Electron, Safari, Terminal, Google Chrome
[2025-07-28 14:37:32] Active Programs: Spotify, Electron, Safari, Terminal, Google Chrome
[2025-07-28 14:48:23] Active Programs: Spotify, Electron, Terminal, Python
[2025-07-28 14:48:28] Active Programs: Spotify, Electron, Terminal, Python
[2025-07-28 14:48:33] Active Programs: Spotify, Electron, Terminal, Python
[2025-07-28 14:48:39] Active Programs: Spotify, Electron, Terminal, Python
[2025-07-28 14:48:44] Active Programs: Spotify, Electron, Terminal, Python
[2025-07-28 14:48:49] Active Programs: Spotify, Electron, Terminal
[2025-07-28 14:48:54] Active Programs: Spotify, Electron, Terminal
[2025-07-28 14:49:00] Active Programs: Spotify, Electron, Terminal
[2025-07-28 14:49:05] Active Programs: Spotify, Electron, Terminal
[2025-07-28 14:49:10] Active Programs: Spotify, Electron, Terminal
[2025-07-28 14:49:15] Active Programs: Spotify, Electron, Terminal
[2025-07-28 14:49:21] Active Programs: Spotify, Electron, Terminal
[2025-07-28 14:49:26] Active Programs: Spotify, Electron, Terminal
[2025-07-28 14:49:31] Active Programs: Spotify, Electron, Terminal
[2025-07-28 14:49:36] Active Programs: Spotify, Electron, Terminal
[2025-07-28 14:49:42] Active Programs: Spotify, Electron, Terminal
[2025-07-28 14:49:47] Active Programs: Spotify, Electron, Terminal
[2025-07-28 14:49:52] Active Programs: Spotify, Electron, Terminal
[2025-07-28 14:49:57] Active Programs: Spotify, Electron, Terminal
[2025-07-28 14:50:03] Active Programs: Spotify, Electron, Terminal
[2025-07-28 14:50:08] Active Programs: Spotify, Electron, Terminal
[2025-07-28 14:50:13] Active Programs: Spotify, Electron, Terminal
[2025-07-28 14:50:18] Active Programs: Spotify, Electron, Terminal
[2025-07-28 14:50:24] Active Programs: Spotify, Electron, Terminal
[2025-07-28 14:50:29] Active Programs: Spotify, Electron, Terminal
[2025-07-28 14:50:34] Active Programs: Spotify, Electron, Terminal
[2025-07-28 14:50:39] Active Programs: Spotify, Electron, Terminal
[2025-07-28 14:50:45] Active Programs: Spotify, Electron, Terminal
[2025-07-28 14:50:50] Active Programs: Spotify, Electron, Terminal
[2025-07-28 14:50:55] Active Programs: Spotify, Electron, Terminal
[2025-07-28 14:51:00] Active Programs: Spotify, Electron, Terminal
[2025-07-28 14:51:06] Active Programs: Spotify, Electron, Terminal
[2025-07-28 14:51:11] Active Programs: Spotify, Electron, Terminal
[2025-07-28 14:51:16] Active Programs: Spotify, Electron, Terminal
[2025-07-28 14:51:22] Active Programs: Spotify, Electron, Terminal
[2025-07-28 14:51:27] Active Programs: Spotify, Electron, Terminal
[2025-07-28 14:51:32] Active Programs: Spotify, Electron, Terminal
[2025-07-28 14:51:37] Active Programs: Spotify, Electron, Terminal
[2025-07-28 14:51:43] Active Programs: Spotify, Electron, Terminal
[2025-07-28 14:51:48] Active Programs: Spotify, Electron, Terminal
[2025-07-28 14:51:53] Active Programs: Spotify, Electron, Terminal
[2025-07-28 14:51:58] Active Programs: Spotify, Electron, Terminal
[2025-07-28 14:52:04] Active Programs: Spotify, Electron, Terminal
[2025-07-28 14:52:09] Active Programs: Spotify, Electron, Terminal
[2025-07-28 14:52:14] Active Programs: Spotify, Electron, Terminal
[2025-07-28 14:52:19] Active Programs: Spotify, Electron, Terminal
[2025-07-28 14:52:25] Active Programs: Spotify, Electron, Terminal
[2025-07-28 14:52:30] Active Programs: Spotify, Electron, Terminal
[2025-07-28 14:52:35] Active Programs: Spotify, Electron, Terminal
[2025-07-28 14:52:40] Active Programs: Spotify, Electron, Terminal
[2025-07-28 14:52:46] Active Programs: Spotify, Electron, Terminal
[2025-07-28 14:52:51] Active Programs: Spotify, Electron, Terminal
[2025-07-28 14:52:56] Active Programs: Spotify, Electron, Terminal
[2025-07-28 14:53:01] Active Programs: Spotify, Electron, Terminal
[2025-07-28 14:53:07] Active Programs: Spotify, Electron, Terminal
[2025-07-28 14:53:12] Active Programs: Spotify, Electron, Terminal
[2025-07-28 14:53:17] Active Programs: Spotify, Electron, Terminal, Python
[2025-07-28 14:53:22] Active Programs: Spotify, Electron, Terminal, Python
[2025-07-28 14:53:28] Active Programs: Spotify, Electron, Terminal, Python
[2025-07-28 14:53:33] Active Programs: Spotify, Electron, Terminal, Python
[2025-07-28 14:53:38] Active Programs: Spotify, Electron, Terminal, Python
[2025-07-28 14:53:42] Active Programs: Spotify, Electron, Terminal, Python
[2025-07-28 14:53:43] Active Programs: Spotify, Electron, Terminal, Python
[2025-07-28 14:53:47] Active Programs: Spotify, Electron, Terminal, Python
[2025-07-28 14:53:49] Active Programs: Spotify, Electron, Terminal, Python
[2025-07-28 14:53:52] Active Programs: Spotify, Electron, Terminal, Python
[2025-07-28 14:53:54] Active Programs: Spotify, Electron, Terminal, Python
[2025-07-28 14:53:58] Active Programs: Spotify, Electron, Terminal, Python
[2025-07-28 14:53:59] Active Programs: Spotify, Electron, Terminal, Python
[2025-07-28 14:54:03] Active Programs: Spotify, Electron, Terminal
[2025-07-28 14:54:04] Active Programs: Spotify, Electron, Terminal
[2025-07-28 14:54:08] Active Programs: Spotify, Electron, Terminal
[2025-07-28 14:54:10] Active Programs: Spotify, Electron, Terminal
[2025-07-28 14:54:13] Active Programs: Spotify, Electron, Terminal
[2025-07-28 14:54:15] Active Programs: Spotify, Electron, Terminal
[2025-07-28 14:54:19] Active Programs: Spotify, Electron, Terminal
[2025-07-28 14:54:20] Active Programs: Spotify, Electron, Terminal
[2025-07-28 14:54:24] Active Programs: Spotify, Electron, Terminal
[2025-07-28 14:54:25] Active Programs: Spotify, Electron, Terminal
[2025-07-28 14:54:29] Active Programs: Spotify, Electron, Terminal
[2025-07-28 14:54:31] Active Programs: Spotify, Electron, Terminal
[2025-07-28 14:54:34] Active Programs: Spotify, Electron, Terminal
[2025-07-28 14:54:36] Active Programs: Spotify, Electron, Terminal
[2025-07-28 14:54:40] Active Programs: Spotify, Electron, Terminal
[2025-07-28 14:54:41] Active Programs: Spotify, Electron, Terminal
[2025-07-28 14:54:45] Active Programs: Spotify, Electron, Terminal
[2025-07-28 14:54:46] Active Programs: Spotify, Electron, Terminal
[2025-07-28 14:54:50] Active Programs: Spotify, Electron, Terminal
[2025-07-28 14:54:52] Active Programs: Spotify, Electron, Terminal
[2025-07-28 14:54:55] Active Programs: Spotify, Electron, Terminal
[2025-07-28 14:54:57] Active Programs: Spotify, Electron, Terminal
[2025-07-28 14:55:01] Active Programs: Spotify, Electron, Terminal
[2025-07-28 14:55:02] Active Programs: Spotify, Electron, Terminal
[2025-07-28 14:55:06] Active Programs: Spotify, Electron, Terminal
[2025-07-28 14:55:07] Active Programs: Spotify, Electron, Terminal
[2025-07-28 14:55:11] Active Programs: Spotify, Electron, Terminal
[2025-07-28 14:55:13] Active Programs: Spotify, Electron, Terminal
[2025-07-28 14:55:16] Active Programs: Spotify, Electron, Terminal
[2025-07-28 14:55:18] Active Programs: Spotify, Electron, Terminal
[2025-07-28 14:55:22] Active Programs: Spotify, Electron, Terminal
[2025-07-28 14:55:23] Active Programs: Spotify, Electron, Terminal
[2025-07-28 14:55:27] Active Programs: Spotify, Electron, Terminal
[2025-07-28 14:55:28] Active Programs: Spotify, Electron, Terminal
[2025-07-28 14:55:32] Active Programs: Spotify, Electron, Terminal
[2025-07-28 14:55:34] Active Programs: Spotify, Electron, Terminal
[2025-07-28 14:55:37] Active Programs: Spotify, Electron, Terminal
[2025-07-28 14:55:39] Active Programs: Spotify, Electron, Terminal
[2025-07-28 14:55:43] Active Programs: Spotify, Electron, Terminal
[2025-07-28 14:55:44] Active Programs: Spotify, Electron, Terminal
[2025-07-28 14:55:48] Active Programs: Spotify, Electron, Terminal
[2025-07-28 14:55:49] Active Programs: Spotify, Electron, Terminal
[2025-07-28 14:55:53] Active Programs: Spotify, Electron, Terminal
[2025-07-28 14:55:55] Active Programs: Spotify, Electron, Terminal
[2025-07-28 14:55:58] Active Programs: Spotify, Electron, Terminal
[2025-07-28 14:56:00] Active Programs: Spotify, Electron, Terminal
[2025-07-28 14:56:04] Active Programs: Spotify, Electron, Terminal
[2025-07-28 14:56:05] Active Programs: Spotify, Electron, Terminal
[2025-07-28 14:56:09] Active Programs: Spotify, Electron, Terminal
[2025-07-28 14:56:10] Active Programs: Spotify, Electron, Terminal
[2025-07-28 14:56:14] Active Programs: Spotify, Electron, Terminal
[2025-07-28 14:56:16] Active Programs: Spotify, Electron, Terminal
[2025-07-28 14:56:19] Active Programs: Spotify, Electron, Terminal
[2025-07-28 14:56:21] Active Programs: Spotify, Electron, Terminal
[2025-07-28 14:56:25] Active Programs: Spotify, Electron, Terminal
[2025-07-28 14:56:26] Active Programs: Spotify, Electron, Terminal
[2025-07-28 14:56:30] Active Programs: Spotify, Electron, Terminal
[2025-07-28 14:56:31] Active Programs: Spotify, Electron, Terminal
[2025-07-28 14:56:35] Active Programs: Spotify, Electron, Terminal
[2025-07-28 14:56:37] Active Programs: Spotify, Electron, Terminal
[2025-07-28 14:56:40] Active Programs: Spotify, Electron, Terminal
[2025-07-28 14:56:42] Active Programs: Spotify, Electron, Terminal
[2025-07-28 14:56:46] Active Programs: Spotify, Electron, Terminal
[2025-07-28 14:56:47] Active Programs: Spotify, Electron, Terminal
[2025-07-28 14:56:51] Active Programs: Spotify, Electron, Terminal
[2025-07-28 14:56:52] Active Programs: Spotify, Electron, Terminal
[2025-07-28 14:56:56] Active Programs: Spotify, Electron, Terminal
[2025-07-28 14:56:58] Active Programs: Spotify, Electron, Terminal
[2025-07-28 14:57:01] Active Programs: Spotify, Electron, Terminal
[2025-07-28 14:57:03] Active Programs: Spotify, Electron, Terminal
[2025-07-28 14:57:07] Active Programs: Spotify, Electron, Terminal, Python
[2025-07-28 14:57:08] Active Programs: Spotify, Electron, Terminal, Python
[2025-07-28 14:57:12] Active Programs: Spotify, Electron, Terminal, Python
[2025-07-28 14:57:13] Active Programs: Spotify, Electron, Terminal, Python
[2025-07-28 14:57:17] Active Programs: Spotify, Electron, Terminal, Python
[2025-07-28 14:57:19] Active Programs: Spotify, Electron, Terminal, Python
[2025-07-28 14:57:22] Active Programs: Spotify, Electron, Terminal, Python
[2025-07-28 14:57:24] Active Programs: Spotify, Electron, Terminal, Python
[2025-07-28 14:57:27] Active Programs: Spotify, Electron, Terminal, Python
[2025-07-28 14:57:29] Active Programs: Spotify, Electron, Terminal, Python
[2025-07-28 14:57:33] Active Programs: Spotify, Electron, Terminal, Python
[2025-07-28 14:57:34] Active Programs: Spotify, Electron, Terminal, Python
[2025-07-28 14:57:38] Active Programs: Spotify, Electron, Terminal, Python
[2025-07-28 14:57:40] Active Programs: Spotify, Electron, Terminal, Python
[2025-07-28 14:57:43] Active Programs: Spotify, Electron, Terminal, Python
[2025-07-28 14:57:45] Active Programs: Spotify, Electron, Terminal, Python
[2025-07-28 14:57:49] Active Programs: Spotify, Electron, Terminal, Python
[2025-07-28 14:57:50] Active Programs: Spotify, Electron, Terminal, Python
[2025-07-28 14:57:54] Active Programs: Spotify, Electron, Terminal, Python
[2025-07-28 14:57:55] Active Programs: Spotify, Electron, Terminal, Python
[2025-07-28 14:57:59] Active Programs: Spotify, Electron, Terminal, Python
[2025-07-28 14:58:01] Active Programs: Spotify, Electron, Terminal, Python
[2025-07-28 14:58:04] Active Programs: Spotify, Electron, Terminal, Python
[2025-07-28 14:58:06] Active Programs: Spotify, Electron, Terminal, Python
[2025-07-28 14:58:10] Active Programs: Spotify, Electron, Terminal, Python
[2025-07-28 14:58:11] Active Programs: Spotify, Electron, Terminal, Python
[2025-07-28 14:58:15] Active Programs: Spotify, Electron, Terminal, Python
[2025-07-28 14:58:16] Active Programs: Spotify, Electron, Terminal, Python
[2025-07-28 14:58:20] Active Programs: Spotify, Electron, Terminal
[2025-07-28 14:58:22] Active Programs: Spotify, Electron, Terminal
[2025-07-28 14:58:25] Active Programs: Spotify, Electron, Terminal
[2025-07-28 14:58:27] Active Programs: Spotify, Electron, Terminal
[2025-07-28 14:58:30] Active Programs: Spotify, Electron, Terminal
[2025-07-28 14:58:32] Active Programs: Spotify, Electron, Terminal
[2025-07-28 14:58:36] Active Programs: Spotify, Electron, Terminal
[2025-07-28 14:58:37] Active Programs: Spotify, Electron, Terminal
[2025-07-28 14:58:41] Active Programs: Spotify, Electron, Terminal
[2025-07-28 14:58:43] Active Programs: Spotify, Electron, Terminal
[2025-07-28 14:58:46] Active Programs: Spotify, Electron, Terminal
[2025-07-28 14:58:48] Active Programs: Spotify, Electron, Terminal
[2025-07-28 14:58:51] Active Programs: Spotify, Electron, Terminal
[2025-07-28 14:58:53] Active Programs: Spotify, Electron, Terminal
[2025-07-28 14:58:57] Active Programs: Spotify, Electron, Terminal, Python
[2025-07-28 14:58:58] Active Programs: Spotify, Electron, Terminal, Python
[2025-07-28 14:59:02] Active Programs: Spotify, Electron, Terminal, Python
[2025-07-28 14:59:04] Active Programs: Spotify, Electron, Terminal, Python
[2025-07-28 14:59:07] Active Programs: Spotify, Electron, Terminal, Python
[2025-07-28 14:59:09] Active Programs: Spotify, Electron, Terminal, Python
[2025-07-28 14:59:12] Active Programs: Spotify, Electron, Terminal, Python
[2025-07-28 14:59:14] Active Programs: Spotify, Electron, Terminal, Python
[2025-07-28 14:59:18] Active Programs: Spotify, Electron, Terminal, Python
[2025-07-28 14:59:19] Active Programs: Spotify, Electron, Terminal, Python
[2025-07-28 14:59:23] Active Programs: Spotify, Electron, Terminal, Python
[2025-07-28 14:59:25] Active Programs: Spotify, Electron, Terminal, Python
[2025-07-28 14:59:28] Active Programs: Spotify, Electron, Terminal, Python
[2025-07-28 14:59:30] Active Programs: Spotify, Electron, Terminal, Python
[2025-07-28 14:59:34] Active Programs: Spotify, Electron, Terminal, Python
[2025-07-28 14:59:35] Active Programs: Spotify, Electron, Terminal, Python
[2025-07-28 14:59:39] Active Programs: Spotify, Electron, Terminal, Python
[2025-07-28 14:59:40] Active Programs: Spotify, Electron, Terminal, Python
[2025-07-28 14:59:44] Active Programs: Spotify, Electron, Terminal
[2025-07-28 14:59:46] Active Programs: Spotify, Electron, Terminal
[2025-07-28 14:59:49] Active Programs: Spotify, Electron, Terminal
[2025-07-28 14:59:51] Active Programs: Spotify, Electron, Terminal
[2025-07-28 14:59:54] Active Programs: Spotify, Electron, Terminal
[2025-07-28 14:59:56] Active Programs: Spotify, Electron, Terminal
[2025-07-28 15:00:00] Active Programs: Spotify, Electron, Terminal
[2025-07-28 15:00:01] Active Programs: Spotify, Electron, Terminal
[2025-07-28 15:00:05] Active Programs: Spotify, Electron, Terminal, LookupViewService
[2025-07-28 15:00:07] Active Programs: Spotify, Electron, Terminal
[2025-07-28 15:00:10] Active Programs: Spotify, Electron, Terminal
[2025-07-28 15:00:12] Active Programs: Spotify, Electron, Terminal
[2025-07-28 15:00:15] Active Programs: Spotify, Electron, Terminal
[2025-07-28 15:00:17] Active Programs: Spotify, Electron, Terminal
[2025-07-28 15:00:21] Active Programs: Spotify, Electron, Terminal
[2025-07-28 15:00:22] Active Programs: Spotify, Electron, Terminal
[2025-07-28 15:00:26] Active Programs: Spotify, Electron, Terminal
[2025-07-28 15:00:28] Active Programs: Spotify, Electron, Terminal
[2025-07-28 15:00:31] Active Programs: Spotify, Electron, Terminal
[2025-07-28 15:00:33] Active Programs: Spotify, Electron, Terminal
[2025-07-28 15:00:37] Active Programs: Spotify, Electron, Terminal, Python
[2025-07-28 15:00:38] Active Programs: Spotify, Electron, Terminal, Python
[2025-07-28 15:00:42] Active Programs: Spotify, Electron, Terminal, Python
[2025-07-28 15:00:43] Active Programs: Spotify, Electron, Terminal, Python
[2025-07-28 15:00:47] Active Programs: Spotify, Electron, Terminal, Python
[2025-07-28 15:00:49] Active Programs: Spotify, Electron, Terminal, Python
[2025-07-28 15:00:52] Active Programs: Spotify, Electron, Terminal
[2025-07-28 15:00:54] Active Programs: Spotify, Electron, Terminal
[2025-07-28 15:00:57] Active Programs: Spotify, Electron, Terminal
[2025-07-28 15:00:59] Active Programs: Spotify, Electron, Terminal
[2025-07-28 15:01:03] Active Programs: Spotify, Electron, Terminal
[2025-07-28 15:01:04] Active Programs: Spotify, Electron, Terminal
[2025-07-28 15:01:08] Active Programs: Spotify, Electron, Terminal
[2025-07-28 15:01:10] Active Programs: Spotify, Electron, Terminal
[2025-07-28 15:01:13] Active Programs: Spotify, Electron, Terminal
[2025-07-28 15:01:15] Active Programs: Spotify, Electron, Terminal, Python
[2025-07-28 15:01:18] Active Programs: Spotify, Electron, Terminal, Python
[2025-07-28 15:01:20] Active Programs: Spotify, Electron, Terminal, Python
[2025-07-28 15:01:24] Active Programs: Spotify, Electron, Terminal, Python
[2025-07-28 15:01:25] Active Programs: Spotify, Electron, Terminal, Python
[2025-07-28 15:01:29] Active Programs: Spotify, Electron, Terminal, Python
[2025-07-28 15:01:30] Active Programs: Spotify, Electron, Terminal, Python
[2025-07-28 15:01:34] Active Programs: Spotify, Electron, Terminal, Python
[2025-07-28 15:01:35] Active Programs: Spotify, Electron, Terminal, Python
[2025-07-28 15:01:36] Active Programs: Spotify, Electron, Terminal, Python
[2025-07-28 15:01:39] Active Programs: Spotify, Electron, Terminal, Python
[2025-07-28 15:01:41] Active Programs: Spotify, Electron, Terminal, Python
[2025-07-28 15:01:41] Active Programs: Spotify, Electron, Terminal, Python
[2025-07-28 15:01:45] Active Programs: Spotify, Electron, Terminal, Python
[2025-07-28 15:01:46] Active Programs: Spotify, Electron, Terminal, Python
[2025-07-28 15:01:46] Active Programs: Spotify, Electron, Terminal
[2025-07-28 15:01:50] Active Programs: Electron, Terminal
[2025-07-28 15:01:51] Active Programs: Electron, Terminal
[2025-07-28 15:01:51] Active Programs: Electron, Terminal
[2025-07-28 15:01:55] Active Programs: Electron, Terminal
[2025-07-28 15:01:56] Active Programs: Electron, Terminal
[2025-07-28 15:01:57] Active Programs: Electron, Terminal
[2025-07-28 15:02:00] Active Programs: Electron, Terminal
[2025-07-28 15:02:01] Active Programs: Electron, Terminal
[2025-07-28 15:02:02] Active Programs: Electron, Terminal
[2025-07-28 15:02:05] Active Programs: Electron, Terminal
[2025-07-28 15:02:07] Active Programs: Electron, Terminal
[2025-07-28 15:02:07] Active Programs: Electron, Terminal
[2025-07-28 15:02:11] Active Programs: Electron, Terminal
[2025-07-28 15:02:12] Active Programs: Electron, Terminal
[2025-07-28 15:02:12] Active Programs: Electron, Terminal
[2025-07-28 15:02:16] Active Programs: Electron, Terminal
[2025-07-28 15:02:17] Active Programs: Electron, Terminal
[2025-07-28 15:02:17] Active Programs: Electron, Terminal
[2025-07-28 15:02:21] Active Programs: Electron, Terminal
[2025-07-28 15:02:22] Active Programs: Electron, Terminal
[2025-07-28 15:02:22] Active Programs: Electron, Terminal
[2025-07-28 15:02:26] Active Programs: Electron, Terminal, App Store
[2025-07-28 15:02:27] Active Programs: Electron, Terminal, App Store
[2025-07-28 15:02:28] Active Programs: Electron, Terminal, App Store
[2025-07-28 15:02:32] Active Programs: Electron, Terminal, App Store
[2025-07-28 15:02:33] Active Programs: Electron, Terminal
[2025-07-28 15:02:33] Active Programs: Electron, Terminal
[2025-07-28 15:02:37] Active Programs: Electron, Terminal, Logic Pro
[2025-07-28 15:02:38] Active Programs: Electron, Terminal, Logic Pro
[2025-07-28 15:02:38] Active Programs: Electron, Terminal, Logic Pro
[2025-07-28 15:02:42] Active Programs: Electron, Terminal, Logic Pro
[2025-07-28 15:02:43] Active Programs: Electron, Terminal
[2025-07-28 15:02:43] Active Programs: Electron, Terminal
[2025-07-28 15:02:47] Active Programs: Electron, Terminal
[2025-07-28 15:02:48] Active Programs: Electron, Terminal
[2025-07-28 15:02:48] Active Programs: Electron, Terminal
[2025-07-28 15:02:53] Active Programs: Electron, Terminal
[2025-07-28 15:02:54] Active Programs: Electron, Terminal
[2025-07-28 15:02:54] Active Programs: Electron, Terminal
[2025-07-28 15:02:58] Active Programs: Electron, Terminal
[2025-07-28 15:02:59] Active Programs: Electron, Terminal
[2025-07-28 15:02:59] Active Programs: Electron, Terminal
[2025-07-28 15:03:03] Active Programs: Electron, Terminal
[2025-07-28 15:03:04] Active Programs: Electron, Terminal
[2025-07-28 15:03:04] Active Programs: Electron, Terminal
[2025-07-28 15:03:08] Active Programs: Electron, Terminal
[2025-07-28 15:03:09] Active Programs: Electron, Terminal
[2025-07-28 15:03:09] Active Programs: Electron, Terminal
[2025-07-28 15:03:14] Active Programs: Electron, Terminal
[2025-07-28 15:03:15] Active Programs: Electron, Terminal
[2025-07-28 15:03:15] Active Programs: Electron, Terminal
[2025-07-28 15:03:19] Active Programs: Electron, Terminal
[2025-07-28 15:03:20] Active Programs: Electron, Terminal
[2025-07-28 15:03:20] Active Programs: Electron, Terminal
[2025-07-28 15:03:24] Active Programs: Electron, Terminal
[2025-07-28 15:03:25] Active Programs: Electron, Terminal
[2025-07-28 15:03:25] Active Programs: Electron, Terminal
[2025-07-28 15:03:29] Active Programs: Electron, Terminal
[2025-07-28 15:03:31] Active Programs: Electron, Terminal
[2025-07-28 15:03:31] Active Programs: Electron, Terminal
[2025-07-28 15:03:34] Active Programs: Electron, Terminal
[2025-07-28 15:03:36] Active Programs: Electron, Terminal
[2025-07-28 15:03:36] Active Programs: Electron, Terminal
[2025-07-28 15:03:40] Active Programs: Electron, Terminal
[2025-07-28 15:03:41] Active Programs: Electron, Terminal
[2025-07-28 15:03:41] Active Programs: Electron, Terminal
[2025-07-28 15:03:45] Active Programs: Electron, Terminal
[2025-07-28 15:03:46] Active Programs: Electron, Terminal
[2025-07-28 15:03:46] Active Programs: Electron, Terminal
[2025-07-28 15:03:50] Active Programs: Electron, Terminal
[2025-07-28 15:03:52] Active Programs: Electron, Terminal
[2025-07-28 15:03:52] Active Programs: Electron, Terminal
[2025-07-28 15:03:55] Active Programs: Electron, Terminal
[2025-07-28 15:03:57] Active Programs: Electron, Terminal
[2025-07-28 15:03:57] Active Programs: Electron, Terminal
[2025-07-28 15:04:01] Active Programs: Electron, Terminal
[2025-07-28 15:04:02] Active Programs: Electron, Terminal
[2025-07-28 15:04:02] Active Programs: Electron, Terminal
[2025-07-28 15:04:06] Active Programs: Electron, Terminal
[2025-07-28 15:04:08] Active Programs: Electron, Terminal
[2025-07-28 15:04:08] Active Programs: Electron, Terminal
[2025-07-28 15:04:11] Active Programs: Electron, Terminal
[2025-07-28 15:04:13] Active Programs: Electron, Terminal
[2025-07-28 15:04:13] Active Programs: Electron, Terminal
[2025-07-28 15:04:16] Active Programs: Electron, Terminal
[2025-07-28 15:04:18] Active Programs: Electron, Terminal
[2025-07-28 15:04:18] Active Programs: Electron, Terminal
[2025-07-28 15:04:21] Active Programs: 
[2025-07-28 15:04:23] Active Programs: Electron, Terminal
[2025-07-28 15:04:23] Active Programs: Electron, Terminal
[2025-07-28 15:04:27] Active Programs: Electron, Terminal
[2025-07-28 15:04:29] Active Programs: Electron, Terminal
[2025-07-28 15:04:29] Active Programs: Electron, Terminal
[2025-07-28 15:04:32] Active Programs: Electron, Terminal
[2025-07-28 15:04:34] Active Programs: Electron, Terminal
[2025-07-28 15:04:34] Active Programs: Electron, Terminal
[2025-07-28 15:04:37] Active Programs: Electron, Terminal
[2025-07-28 15:04:39] Active Programs: Electron, Terminal
[2025-07-28 15:04:39] Active Programs: Electron, Terminal
[2025-07-28 15:04:42] Active Programs: Electron, Terminal
[2025-07-28 15:04:45] Active Programs: Electron, Terminal
[2025-07-28 15:04:45] Active Programs: Electron, Terminal
[2025-07-28 15:04:48] Active Programs: Electron, Terminal
[2025-07-28 15:04:50] Active Programs: Electron, Terminal
[2025-07-28 15:04:50] Active Programs: Electron, Terminal
[2025-07-28 15:04:53] Active Programs: Electron, Terminal
[2025-07-28 15:04:55] Active Programs: Electron, Terminal
[2025-07-28 15:04:55] Active Programs: Electron, Terminal
[2025-07-28 15:04:58] Active Programs: Electron, Terminal
[2025-07-28 15:05:00] Active Programs: Electron, Terminal
[2025-07-28 15:05:00] Active Programs: Electron, Terminal
[2025-07-28 15:05:03] Active Programs: Electron, Terminal
[2025-07-28 15:05:06] Active Programs: Electron, Terminal
[2025-07-28 15:05:06] Active Programs: Electron, Terminal
[2025-07-28 15:05:09] Active Programs: Electron, Terminal
[2025-07-28 15:05:11] Active Programs: Electron, Terminal
[2025-07-28 15:05:11] Active Programs: Electron, Terminal
[2025-07-28 15:05:14] Active Programs: Electron, Terminal
[2025-07-28 15:05:16] Active Programs: Electron, Terminal
[2025-07-28 15:05:16] Active Programs: Electron, Terminal
[2025-07-28 15:05:19] Active Programs: Electron, Terminal
[2025-07-28 15:05:22] Active Programs: Electron, Terminal
[2025-07-28 15:05:22] Active Programs: Electron, Terminal
[2025-07-28 15:05:24] Active Programs: Electron, Terminal
[2025-07-28 15:05:27] Active Programs: Electron, Terminal
[2025-07-28 15:05:27] Active Programs: Electron, Terminal
[2025-07-28 15:05:30] Active Programs: Electron, Terminal
[2025-07-28 15:05:32] Active Programs: Electron, Terminal
[2025-07-28 15:05:32] Active Programs: Electron, Terminal
[2025-07-28 15:05:35] Active Programs: Electron, Terminal, osascript
[2025-07-28 15:05:37] Active Programs: Electron, Terminal
[2025-07-28 15:05:37] Active Programs: Electron, Terminal
[2025-07-28 15:05:40] Active Programs: Electron, Terminal, Python
[2025-07-28 15:05:43] Active Programs: Electron, Terminal
[2025-07-28 15:05:43] Active Programs: Electron, Terminal
[2025-07-28 15:05:45] Active Programs: Electron, Terminal
[2025-07-28 15:05:48] Active Programs: Electron, Terminal, Python
[2025-07-28 15:05:48] Active Programs: Electron, Terminal, Python
[2025-07-28 15:05:51] Active Programs: Electron, Terminal
[2025-07-28 15:05:53] Active Programs: Electron, Terminal
[2025-07-28 15:05:53] Active Programs: Electron, Terminal
[2025-07-28 15:05:56] Active Programs: Electron, Terminal
[2025-07-28 15:05:59] Active Programs: Electron, Terminal
[2025-07-28 15:05:59] Active Programs: Electron, Terminal
[2025-07-28 15:06:01] Active Programs: Electron, Terminal
[2025-07-28 15:06:04] Active Programs: Electron, Terminal
[2025-07-28 15:06:04] Active Programs: Electron, Terminal
[2025-07-28 15:06:06] Active Programs: Electron, Terminal
[2025-07-28 15:06:09] Active Programs: Electron, Terminal
[2025-07-28 15:06:09] Active Programs: Electron, Terminal
[2025-07-28 15:06:11] Active Programs: Electron, Terminal
[2025-07-28 15:06:14] Active Programs: Electron, Terminal
[2025-07-28 15:06:14] Active Programs: Electron, Terminal
[2025-07-28 15:06:17] Active Programs: Electron, Terminal
[2025-07-28 15:06:20] Active Programs: Electron, Terminal, Logic Pro
[2025-07-28 15:06:20] Active Programs: Electron, Terminal, Logic Pro
[2025-07-28 15:06:22] Active Programs: Electron, Terminal, Logic Pro
[2025-07-28 15:06:25] Active Programs: Electron, Terminal, Logic Pro
[2025-07-28 15:06:25] Active Programs: Electron, Terminal, Logic Pro
[2025-07-28 15:06:27] Active Programs: Electron, Terminal, Spotify
[2025-07-28 15:06:30] Active Programs: Electron, Terminal
[2025-07-28 15:06:30] Active Programs: Electron, Terminal
[2025-07-28 15:06:32] Active Programs: Electron, Terminal
[2025-07-28 15:06:35] Active Programs: Electron, Terminal
[2025-07-28 15:06:35] Active Programs: Electron, Terminal
[2025-07-28 15:06:38] Active Programs: Electron, Terminal
[2025-07-28 15:06:41] Active Programs: Electron, Terminal
[2025-07-28 15:06:41] Active Programs: Electron, Terminal
[2025-07-28 15:06:43] Active Programs: Electron, Terminal
[2025-07-28 15:06:46] Active Programs: Electron, Terminal
[2025-07-28 15:06:46] Active Programs: Electron, Terminal
[2025-07-28 15:06:48] Active Programs: Electron, Terminal
[2025-07-28 15:06:51] Active Programs: Electron, Terminal
[2025-07-28 15:06:51] Active Programs: Electron, Terminal
[2025-07-28 15:06:53] Active Programs: Electron, Terminal
[2025-07-28 15:06:57] Active Programs: Electron, Terminal
[2025-07-28 15:06:57] Active Programs: Electron, Terminal
[2025-07-28 15:06:58] Active Programs: Electron, Terminal
[2025-07-28 15:07:02] Active Programs: 
[2025-07-28 15:07:02] Active Programs: 
[2025-07-28 15:07:04] Active Programs: Electron, Terminal
[2025-07-28 15:07:07] Active Programs: Electron, Terminal
[2025-07-28 15:07:07] Active Programs: Electron, Terminal
[2025-07-28 15:07:09] Active Programs: Electron, Terminal
[2025-07-28 15:07:12] Active Programs: Electron, Terminal
[2025-07-28 15:07:12] Active Programs: Electron, Terminal
[2025-07-28 15:07:14] Active Programs: Electron, Terminal
[2025-07-28 15:07:18] Active Programs: Electron, Terminal
[2025-07-28 15:07:18] Active Programs: Electron, Terminal
[2025-07-28 15:07:19] Active Programs: Electron, Terminal
[2025-07-28 15:07:23] Active Programs: Electron, Terminal
[2025-07-28 15:07:23] Active Programs: Electron, Terminal
[2025-07-28 15:07:25] Active Programs: Electron, Terminal
[2025-07-28 15:07:28] Active Programs: Electron, Terminal
[2025-07-28 15:07:28] Active Programs: Electron, Terminal
[2025-07-28 15:07:30] Active Programs: Electron, Terminal
[2025-07-28 15:07:33] Active Programs: Electron, Terminal, Logic Pro
[2025-07-28 15:07:33] Active Programs: Electron, Terminal, Logic Pro
[2025-07-28 15:07:35] Active Programs: Electron, Terminal, Logic Pro
[2025-07-28 15:07:39] Active Programs: Electron, Terminal, Logic Pro
[2025-07-28 15:07:39] Active Programs: Electron, Terminal, Logic Pro
[2025-07-28 15:07:40] Active Programs: Electron, Terminal, Logic Pro
[2025-07-28 15:07:44] Active Programs: Electron, Terminal, Logic Pro
[2025-07-28 15:07:44] Active Programs: Electron, Terminal, Logic Pro
[2025-07-28 15:07:46] Active Programs: Electron, Terminal, Logic Pro
[2025-07-28 15:07:49] Active Programs: Electron, Terminal, Logic Pro
[2025-07-28 15:07:49] Active Programs: Electron, Terminal, Logic Pro
[2025-07-28 15:07:51] Active Programs: Electron, Terminal, Logic Pro
[2025-07-28 15:11:29] Active Programs: Electron, Terminal, Python
[2025-07-28 15:11:35] Active Programs: Electron, Terminal, Python
[2025-07-28 15:11:40] Active Programs: Electron, Terminal
[2025-07-28 15:11:45] Active Programs: Electron, Terminal
[2025-07-28 15:11:50] Active Programs: Electron, Terminal
[2025-07-28 15:11:55] Active Programs: Electron, Terminal
[2025-07-28 15:12:01] Active Programs: Electron, Terminal
[2025-07-28 15:12:06] Active Programs: Electron, Terminal
[2025-07-28 15:12:11] Active Programs: Electron, Terminal
[2025-07-28 15:12:16] Active Programs: Electron, Terminal
[2025-07-28 15:12:22] Active Programs: Electron, Terminal
[2025-07-28 15:12:27] Active Programs: Electron, Terminal
[2025-07-28 15:12:32] Active Programs: Electron, Terminal
[2025-07-28 15:12:37] Active Programs: Electron, Terminal
[2025-07-28 15:14:17] Active Programs: Electron, Terminal, Python
[2025-07-28 15:14:23] Active Programs: Electron, Terminal, Python
[2025-07-28 15:14:28] Active Programs: Electron, Terminal
[2025-07-28 15:14:33] Active Programs: Electron, Terminal, Google Chrome
[2025-07-28 15:14:38] Active Programs: Electron, Terminal, Google Chrome, osascript
[2025-07-28 15:14:44] Active Programs: Electron, Terminal, Google Chrome
[2025-07-28 15:14:49] Active Programs: Electron, Terminal, Google Chrome
[2025-07-28 15:14:54] Active Programs: Electron, Terminal
